#
# There is insufficient memory for the Java Runtime Environment to continue.
# Native memory allocation (malloc) failed to allocate 570416 bytes for Chunk::new
# Possible reasons:
#   The system is out of physical RAM or swap space
#   In 32 bit mode, the process size limit was hit
# Possible solutions:
#   Reduce memory load on the system
#   Increase physical memory or swap space
#   Check if swap backing store is full
#   Use 64 bit Java on a 64 bit OS
#   Decrease Java heap size (-Xmx/-Xms)
#   Decrease number of Java threads
#   Decrease Java thread stack sizes (-Xss)
#   Set larger code cache with -XX:ReservedCodeCacheSize=
# This output file may be truncated or incomplete.
#
#  Out of Memory Error (allocation.cpp:390), pid=14584, tid=0x00000000000013ac
#
# JRE version: OpenJDK Runtime Environment (8.0) (build 1.8.0-adoptopenjdk-_2018_05_19_00_59-b00)
# Java VM: OpenJDK 64-Bit Server VM (25.71-b00 mixed mode windows-amd64 compressed oops)
# Failed to write core dump. Minidumps are not enabled by default on client versions of Windows
#

---------------  T H R E A D  ---------------

Current thread (0x000000001ea37000):  JavaThread "C2 CompilerThread0" daemon [_thread_in_native, id=5036, stack(0x000000001f210000,0x000000001f310000)]

Stack: [0x000000001f210000,0x000000001f310000]
[error occurred during error reporting (printing stack bounds), id 0xc0000005]

Native frames: (J=compiled Java code, j=interpreted, Vv=VM code, C=native code)


Current CompileTask:
C2:   2186 2188       4       com.sun.org.apache.xerces.internal.impl.XMLNSDocumentScannerImpl::scanStartElement (1026 bytes)


---------------  P R O C E S S  ---------------

Java Threads: ( => current thread )
  0x000000001ff3b800 JavaThread "Keep-Alive-Timer" daemon [_thread_blocked, id=17560, stack(0x0000000021b20000,0x0000000021c20000)]
  0x000000001eacd800 JavaThread "Service Thread" daemon [_thread_blocked, id=10468, stack(0x000000001f610000,0x000000001f710000)]
  0x000000001ea47800 JavaThread "C1 CompilerThread3" daemon [_thread_blocked, id=2656, stack(0x000000001f510000,0x000000001f610000)]
  0x000000001ea3f000 JavaThread "C2 CompilerThread2" daemon [_thread_in_native, id=16388, stack(0x000000001f410000,0x000000001f510000)]
  0x000000001ea39800 JavaThread "C2 CompilerThread1" daemon [_thread_in_native, id=14396, stack(0x000000001f310000,0x000000001f410000)]
=>0x000000001ea37000 JavaThread "C2 CompilerThread0" daemon [_thread_in_native, id=5036, stack(0x000000001f210000,0x000000001f310000)]
  0x000000001ea3e000 JavaThread "Attach Listener" daemon [_thread_blocked, id=18684, stack(0x000000001f110000,0x000000001f210000)]
  0x000000001ea3d000 JavaThread "Signal Dispatcher" daemon [_thread_blocked, id=18000, stack(0x000000001f010000,0x000000001f110000)]
  0x00000000031ae000 JavaThread "Finalizer" daemon [_thread_blocked, id=18724, stack(0x000000001ee00000,0x000000001ef00000)]
  0x00000000031ac800 JavaThread "Reference Handler" daemon [_thread_blocked, id=12784, stack(0x000000001e900000,0x000000001ea00000)]
  0x00000000030b4000 JavaThread "main" [_thread_in_native, id=6208, stack(0x0000000002fb0000,0x00000000030b0000)]

Other Threads:
  0x000000001cb17000 VMThread [stack: 0x000000001e800000,0x000000001e900000] [id=19428]
  0x000000001eaa8800 WatcherThread [stack: 0x000000001f710000,0x000000001f810000] [id=13468]

VM state:not at safepoint (normal execution)

VM Mutex/Monitor currently owned by a thread: None

Heap:
 PSYoungGen      total 75776K, used 50860K [0x000000076ba00000, 0x0000000770e80000, 0x00000007c0000000)
  eden space 65024K, 78% used [0x000000076ba00000,0x000000076ebab050,0x000000076f980000)
  from space 10752K, 0% used [0x0000000770400000,0x0000000770400000,0x0000000770e80000)
  to   space 10752K, 0% used [0x000000076f980000,0x000000076f980000,0x0000000770400000)
 ParOldGen       total 173568K, used 0K [0x00000006c2e00000, 0x00000006cd780000, 0x000000076ba00000)
  object space 173568K, 0% used [0x00000006c2e00000,0x00000006c2e00000,0x00000006cd780000)
 Metaspace       used 17160K, capacity 17522K, committed 17792K, reserved 1064960K
  class space    used 1970K, capacity 2069K, committed 2176K, reserved 1048576K

Card table byte_map: [0x0000000012570000,0x0000000012d60000] byte_map_base: 0x000000000ef59000

Marking Bits: (ParMarkBitMap*) 0x000000005724be50
 Begin Bits: [0x0000000013ab0000, 0x00000000179f8000)
 End Bits:   [0x00000000179f8000, 0x000000001b940000)

Polling page: 0x0000000002e40000

CodeCache: size=245760Kb used=7634Kb max_used=7634Kb free=238125Kb
 bounds [0x00000000031b0000, 0x0000000003930000, 0x00000000121b0000]
 total_blobs=2639 nmethods=2221 adapters=332
 compilation: enabled

Compilation events (10 events):
Event: 2.152 Thread 0x000000001ea47800 2222       1       com.android.repository.impl.generated.v1.ChannelRefType::getRef (5 bytes)
Event: 2.152 Thread 0x000000001ea47800 nmethod 2222 0x0000000003927c90 code [0x0000000003927de0, 0x0000000003927ef0]
Event: 2.152 Thread 0x000000001ea47800 2223   !   3       java.lang.Class::newInstance (155 bytes)
Event: 2.154 Thread 0x000000001ea47800 nmethod 2223 0x0000000003927f50 code [0x0000000003928260, 0x0000000003929798]
Event: 2.154 Thread 0x000000001ea47800 2224       3       com.android.repository.impl.meta.Archive::isCompatible (105 bytes)
Event: 2.155 Thread 0x000000001ea47800 nmethod 2224 0x000000000392a010 code [0x000000000392a2a0, 0x000000000392b3c8]
Event: 2.155 Thread 0x000000001ea47800 2225       3       com.android.repository.api.RepoManager::getCommonModule (4 bytes)
Event: 2.155 Thread 0x000000001ea47800 nmethod 2225 0x000000000392b850 code [0x000000000392b9a0, 0x000000000392baf0]
Event: 2.159 Thread 0x000000001ea47800 2226       3       java.nio.Buffer::flip (20 bytes)
Event: 2.159 Thread 0x000000001ea47800 nmethod 2226 0x000000000392bb50 code [0x000000000392bca0, 0x000000000392be10]

GC Heap History (0 events):
No events

Deoptimization events (10 events):
Event: 1.702 Thread 0x00000000030b4000 Uncommon trap: reason=unstable_if action=reinterpret pc=0x000000000338b3dc method=java.lang.String.startsWith(Ljava/lang/String;I)Z @ 25
Event: 1.724 Thread 0x00000000030b4000 Uncommon trap: reason=unstable_if action=reinterpret pc=0x00000000036e57f0 method=java.util.Arrays.equals([B[B)Z @ 12
Event: 1.894 Thread 0x00000000030b4000 Uncommon trap: reason=unstable_if action=reinterpret pc=0x0000000003775e0c method=com.sun.org.apache.xerces.internal.impl.XMLEntityScanner.scanContent(Lcom/sun/org/apache/xerces/internal/xni/XMLString;)I @ 526
Event: 1.904 Thread 0x00000000030b4000 Uncommon trap: reason=unstable_if action=reinterpret pc=0x00000000037894d8 method=com.sun.org.apache.xerces.internal.impl.io.UTF8Reader.read([CII)I @ 131
Event: 1.904 Thread 0x00000000030b4000 Uncommon trap: reason=unstable_if action=reinterpret pc=0x00000000037756cc method=java.util.regex.Pattern$Ctype.isSatisfiedBy(I)Z @ 4
Event: 1.908 Thread 0x00000000030b4000 Uncommon trap: reason=unstable_if action=reinterpret pc=0x0000000003783da4 method=java.util.regex.Pattern$NotBehind.match(Ljava/util/regex/Matcher;ILjava/lang/CharSequence;)Z @ 128
Event: 1.946 Thread 0x00000000030b4000 Uncommon trap: reason=unstable_if action=reinterpret pc=0x00000000034cc9b4 method=com.sun.org.apache.xerces.internal.impl.XMLEntityScanner.checkBeforeLoad(Lcom/sun/xml/internal/stream/Entity$ScannedEntity;II)I @ 18
Event: 2.038 Thread 0x00000000030b4000 Uncommon trap: reason=unstable_if action=reinterpret pc=0x00000000037eca3c method=com.sun.org.apache.xerces.internal.impl.XMLEntityScanner.scanContent(Lcom/sun/org/apache/xerces/internal/xni/XMLString;)I @ 44
Event: 2.133 Thread 0x00000000030b4000 Uncommon trap: reason=unstable_if action=reinterpret pc=0x00000000038d6298 method=com.sun.org.apache.xerces.internal.impl.XMLEntityScanner.scanContent(Lcom/sun/org/apache/xerces/internal/xni/XMLString;)I @ 418
Event: 2.150 Thread 0x00000000030b4000 Uncommon trap: reason=unstable_if action=reinterpret pc=0x00000000037d4790 method=java.lang.AbstractStringBuilder.append(Ljava/lang/CharSequence;)Ljava/lang/AbstractStringBuilder; @ 13

Classes redefined (0 events):
No events

Internal exceptions (10 events):
Event: 0.747 Thread 0x00000000030b4000 Exception <a 'sun/nio/fs/WindowsException'> (0x000000076d0d4ab0) thrown at [C:\Users\jenkins\workspace\openjdk8_build_x86-64_windows\openjdk\hotspot\src\share\vm\prims\jni.cpp, line 709]
Event: 0.747 Thread 0x00000000030b4000 Exception <a 'sun/nio/fs/WindowsException'> (0x000000076d0d53c8) thrown at [C:\Users\jenkins\workspace\openjdk8_build_x86-64_windows\openjdk\hotspot\src\share\vm\prims\jni.cpp, line 709]
Event: 0.747 Thread 0x00000000030b4000 Exception <a 'sun/nio/fs/WindowsException'> (0x000000076d0d5aa0) thrown at [C:\Users\jenkins\workspace\openjdk8_build_x86-64_windows\openjdk\hotspot\src\share\vm\prims\jni.cpp, line 709]
Event: 0.747 Thread 0x00000000030b4000 Exception <a 'sun/nio/fs/WindowsException'> (0x000000076d0d6490) thrown at [C:\Users\jenkins\workspace\openjdk8_build_x86-64_windows\openjdk\hotspot\src\share\vm\prims\jni.cpp, line 709]
Event: 0.747 Thread 0x00000000030b4000 Exception <a 'sun/nio/fs/WindowsException'> (0x000000076d0d7870) thrown at [C:\Users\jenkins\workspace\openjdk8_build_x86-64_windows\openjdk\hotspot\src\share\vm\prims\jni.cpp, line 709]
Event: 0.747 Thread 0x00000000030b4000 Exception <a 'sun/nio/fs/WindowsException'> (0x000000076d0d7f58) thrown at [C:\Users\jenkins\workspace\openjdk8_build_x86-64_windows\openjdk\hotspot\src\share\vm\prims\jni.cpp, line 709]
Event: 1.724 Thread 0x00000000030b4000 Implicit null exception at 0x00000000036e5698 to 0x00000000036e57dd
Event: 1.853 Thread 0x00000000030b4000 Exception <a 'java/lang/ClassNotFoundException': com/sun/org/glassfish/hk2/osgiresourcelocator/ServiceLoader> (0x000000076e107040) thrown at [C:\Users\jenkins\workspace\openjdk8_build_x86-64_windows\openjdk\hotspot\src\share\vm\classfile\systemDictionary.
Event: 2.155 Thread 0x00000000030b4000 Exception <a 'sun/nio/fs/WindowsException'> (0x000000076eb6d680) thrown at [C:\Users\jenkins\workspace\openjdk8_build_x86-64_windows\openjdk\hotspot\src\share\vm\prims\jni.cpp, line 709]
Event: 2.155 Thread 0x00000000030b4000 Exception <a 'sun/nio/fs/WindowsException'> (0x000000076eb6db38) thrown at [C:\Users\jenkins\workspace\openjdk8_build_x86-64_windows\openjdk\hotspot\src\share\vm\prims\jni.cpp, line 709]

Events (10 events):
Event: 2.133 Thread 0x00000000030b4000 DEOPT UNPACKING pc=0x00000000031f557b sp=0x00000000030aeb48 mode 2
Event: 2.150 Thread 0x00000000030b4000 Uncommon trap: trap_request=0xffffff65 fr.pc=0x00000000037d4790
Event: 2.150 Thread 0x00000000030b4000 DEOPT PACKING pc=0x00000000037d4790 sp=0x00000000030aead0
Event: 2.150 Thread 0x00000000030b4000 DEOPT UNPACKING pc=0x00000000031f557b sp=0x00000000030aeae8 mode 2
Event: 2.152 loading class com/android/repository/util/InstallerUtil
Event: 2.152 loading class com/android/repository/util/InstallerUtil done
Event: 2.155 loading class com/android/repository/api/ProgressIndicator
Event: 2.155 loading class com/android/repository/api/ProgressIndicator done
Event: 2.156 loading class com/google/common/collect/Collections2
Event: 2.156 loading class com/google/common/collect/Collections2 done


Dynamic libraries:
0x00007ff70ce90000 - 0x00007ff70cec5000 	D:\Unity\2021.3.15f1\Editor\Data\PlaybackEngines\AndroidPlayer\OpenJDK\bin\java.exe
0x00007ff86d6b0000 - 0x00007ff86d8c4000 	C:\WINDOWS\SYSTEM32\ntdll.dll
0x00007ff86ba70000 - 0x00007ff86bb33000 	C:\WINDOWS\System32\KERNEL32.DLL
0x00007ff86ae50000 - 0x00007ff86b1ed000 	C:\WINDOWS\System32\KERNELBASE.dll
0x00007ff86b570000 - 0x00007ff86b61e000 	C:\WINDOWS\System32\ADVAPI32.dll
0x00007ff86c610000 - 0x00007ff86c6b7000 	C:\WINDOWS\System32\msvcrt.dll
0x00007ff86b820000 - 0x00007ff86b8c4000 	C:\WINDOWS\System32\sechost.dll
0x00007ff86c4f0000 - 0x00007ff86c605000 	C:\WINDOWS\System32\RPCRT4.dll
0x00007ff86ce20000 - 0x00007ff86cfcd000 	C:\WINDOWS\System32\USER32.dll
0x00007ff86ae20000 - 0x00007ff86ae46000 	C:\WINDOWS\System32\win32u.dll
0x00007ff86b620000 - 0x00007ff86b649000 	C:\WINDOWS\System32\GDI32.dll
0x00007ff86b310000 - 0x00007ff86b422000 	C:\WINDOWS\System32\gdi32full.dll
0x00007ff86b270000 - 0x00007ff86b30a000 	C:\WINDOWS\System32\msvcp_win.dll
0x00007ff86ac40000 - 0x00007ff86ad51000 	C:\WINDOWS\System32\ucrtbase.dll
0x00007ff85b2a0000 - 0x00007ff85b52e000 	C:\WINDOWS\WinSxS\amd64_microsoft.windows.common-controls_6595b64144ccf1df_6.0.22621.608_none_a9444ca7c10bb01d\COMCTL32.dll
0x00007ff86cdd0000 - 0x00007ff86ce02000 	C:\WINDOWS\System32\IMM32.DLL
0x00000000572d0000 - 0x00000000573a2000 	D:\Unity\2021.3.15f1\Editor\Data\PlaybackEngines\AndroidPlayer\OpenJDK\jre\bin\msvcr100.dll
0x0000000056a80000 - 0x00000000572c9000 	D:\Unity\2021.3.15f1\Editor\Data\PlaybackEngines\AndroidPlayer\OpenJDK\jre\bin\server\jvm.dll
0x00007ff86cc00000 - 0x00007ff86cc08000 	C:\WINDOWS\System32\PSAPI.DLL
0x00007ff858200000 - 0x00007ff858209000 	C:\WINDOWS\SYSTEM32\WSOCK32.dll
0x00007ff860fb0000 - 0x00007ff860fba000 	C:\WINDOWS\SYSTEM32\VERSION.dll
0x00007ff863900000 - 0x00007ff863934000 	C:\WINDOWS\SYSTEM32\WINMM.dll
0x00007ff86b9f0000 - 0x00007ff86ba61000 	C:\WINDOWS\System32\WS2_32.dll
0x00007ff842ec0000 - 0x00007ff842ecf000 	D:\Unity\2021.3.15f1\Editor\Data\PlaybackEngines\AndroidPlayer\OpenJDK\jre\bin\verify.dll
0x00007ffff6940000 - 0x00007ffff6969000 	D:\Unity\2021.3.15f1\Editor\Data\PlaybackEngines\AndroidPlayer\OpenJDK\jre\bin\java.dll
0x00007ff842ea0000 - 0x00007ff842eb6000 	D:\Unity\2021.3.15f1\Editor\Data\PlaybackEngines\AndroidPlayer\OpenJDK\jre\bin\zip.dll
0x00007ff86bb40000 - 0x00007ff86c32f000 	C:\WINDOWS\System32\SHELL32.dll
0x00007ff868af0000 - 0x00007ff8693b8000 	C:\WINDOWS\SYSTEM32\windows.storage.dll
0x00007ff86cfd0000 - 0x00007ff86d35a000 	C:\WINDOWS\System32\combase.dll
0x00007ff8689b0000 - 0x00007ff868aee000 	C:\WINDOWS\SYSTEM32\wintypes.dll
0x00007ff86cc40000 - 0x00007ff86cd31000 	C:\WINDOWS\System32\SHCORE.dll
0x00007ff86c6c0000 - 0x00007ff86c71e000 	C:\WINDOWS\System32\shlwapi.dll
0x00007ff86aa00000 - 0x00007ff86aa21000 	C:\WINDOWS\SYSTEM32\profapi.dll
0x00007ffff6920000 - 0x00007ffff693a000 	D:\Unity\2021.3.15f1\Editor\Data\PlaybackEngines\AndroidPlayer\OpenJDK\jre\bin\net.dll
0x00007ff869f90000 - 0x00007ff869ff9000 	C:\WINDOWS\system32\mswsock.dll
0x00007ffff6900000 - 0x00007ffff6911000 	D:\Unity\2021.3.15f1\Editor\Data\PlaybackEngines\AndroidPlayer\OpenJDK\jre\bin\nio.dll
0x00007ff85e4d0000 - 0x00007ff85e4f4000 	D:\Unity\2021.3.15f1\Editor\Data\PlaybackEngines\AndroidPlayer\OpenJDK\jre\bin\sunec.dll
0x00007ff86a1e0000 - 0x00007ff86a1fb000 	C:\WINDOWS\SYSTEM32\CRYPTSP.dll
0x00007ff869a90000 - 0x00007ff869ac5000 	C:\WINDOWS\system32\rsaenh.dll
0x00007ff86a080000 - 0x00007ff86a0a8000 	C:\WINDOWS\SYSTEM32\USERENV.dll
0x00007ff86a3a0000 - 0x00007ff86a3c8000 	C:\WINDOWS\SYSTEM32\bcrypt.dll
0x00007ff86b1f0000 - 0x00007ff86b26b000 	C:\WINDOWS\System32\bcryptprimitives.dll
0x00007ff86a200000 - 0x00007ff86a20c000 	C:\WINDOWS\SYSTEM32\CRYPTBASE.dll
0x00007ff869610000 - 0x00007ff86963d000 	C:\WINDOWS\SYSTEM32\IPHLPAPI.DLL
0x00007ff86ce10000 - 0x00007ff86ce19000 	C:\WINDOWS\System32\NSI.dll
0x00007ff863790000 - 0x00007ff8637a9000 	C:\WINDOWS\SYSTEM32\dhcpcsvc6.DLL
0x00007ff863770000 - 0x00007ff86378f000 	C:\WINDOWS\SYSTEM32\dhcpcsvc.DLL
0x00007ff869680000 - 0x00007ff869772000 	C:\WINDOWS\SYSTEM32\DNSAPI.dll
0x00007ff867b30000 - 0x00007ff867b3b000 	D:\Unity\2021.3.15f1\Editor\Data\PlaybackEngines\AndroidPlayer\OpenJDK\jre\bin\sunmscapi.dll
0x00007ff86aad0000 - 0x00007ff86ac36000 	C:\WINDOWS\System32\CRYPT32.dll
0x00007ff85ddd0000 - 0x00007ff85ddda000 	C:\Windows\System32\rasadhlp.dll
0x00007ff861960000 - 0x00007ff8619e3000 	C:\WINDOWS\System32\fwpuclnt.dll

VM Arguments:
jvm_args: -Dfile.encoding=UTF-8 -Dcom.android.sdklib.toolsdir=D:\Unity\2021.3.15f1\Editor\Data\PlaybackEngines\AndroidPlayer\SDK\tools\bin\\.. 
java_command: com.android.sdklib.tool.sdkmanager.SdkManagerCli --list
java_class_path (initial): D:\Unity\2021.3.15f1\Editor\Data\PlaybackEngines\AndroidPlayer\SDK\tools\bin\..\lib\dvlib-26.0.0-dev.jar;D:\Unity\2021.3.15f1\Editor\Data\PlaybackEngines\AndroidPlayer\SDK\tools\bin\..\lib\jimfs-1.1.jar;D:\Unity\2021.3.15f1\Editor\Data\PlaybackEngines\AndroidPlayer\SDK\tools\bin\..\lib\jsr305-1.3.9.jar;D:\Unity\2021.3.15f1\Editor\Data\PlaybackEngines\AndroidPlayer\SDK\tools\bin\..\lib\repository-26.0.0-dev.jar;D:\Unity\2021.3.15f1\Editor\Data\PlaybackEngines\AndroidPlayer\SDK\tools\bin\..\lib\j2objc-annotations-1.1.jar;D:\Unity\2021.3.15f1\Editor\Data\PlaybackEngines\AndroidPlayer\SDK\tools\bin\..\lib\layoutlib-api-26.0.0-dev.jar;D:\Unity\2021.3.15f1\Editor\Data\PlaybackEngines\AndroidPlayer\SDK\tools\bin\..\lib\gson-2.3.jar;D:\Unity\2021.3.15f1\Editor\Data\PlaybackEngines\AndroidPlayer\SDK\tools\bin\..\lib\httpcore-4.2.5.jar;D:\Unity\2021.3.15f1\Editor\Data\PlaybackEngines\AndroidPlayer\SDK\tools\bin\..\lib\commons-logging-1.1.1.jar;D:\Unity\2021.3.15f1\Editor\Data\PlaybackEngines\AndroidPlayer\SDK\tools\bin\..\lib\commons-compress-1.12.jar;D:\Unity\2021.3.15f1\Editor\Data\PlaybackEngines\AndroidPlayer\SDK\tools\bin\..\lib\annotations-26.0.0-dev.jar;D:\Unity\2021.3.15f1\Editor\Data\PlaybackEngines\AndroidPlayer\SDK\tools\bin\..\lib\error_prone_annotations-2.0.18.jar;D:\Unity\2021.3.15f1\Editor\Data\PlaybackEngines\AndroidPlayer\SDK\tools\bin\..\lib\animal-sniffer-annotations-1.14.jar;D:\Unity\2021.3.15f1\Editor\Data\PlaybackEngines\AndroidPlayer\SDK\tools\bin\..\lib\httpclient-4.2.6.jar;D:\Unity\2021.3.15f1\Editor\Data\PlaybackEngines\AndroidPlayer\SDK\tools\bin\..\lib\commons-codec-1.6.jar;D:\Unity\2021.3.15f1\Editor\Data\PlaybackEngines\AndroidPlayer\SDK\tools\bin\..\lib\common-26.0.0-dev.jar;D:\Unity\2021.3.15f1\Editor\Data\PlaybackEngines\AndroidPlayer\SDK\tools\bin\..\lib\kxml2-2.3.0.jar;D:\Unity\2021.3.15f1\Editor\Data\PlaybackEngines\AndroidPlayer\SDK\tools\bin\..\lib\httpmime-4.1.jar;D:\Unity\2021.3.15f1\Editor\Data\PlaybackEngi
Launcher Type: SUN_STANDARD

Environment Variables:
JAVA_HOME=D:\Unity\2021.3.15f1\Editor\Data\PlaybackEngines\AndroidPlayer\OpenJDK
JAVA_TOOL_OPTIONS=-Dfile.encoding=UTF-8
PATH=C:\WINDOWS\system32;C:\WINDOWS;C:\WINDOWS\System32\Wbem;C:\WINDOWS\System32\WindowsPowerShell\v1.0\;C:\WINDOWS\System32\OpenSSH\;C:\Program Files\Common Files\Autodesk Shared\;C:\Program Files\dotnet\;C:\Users\tropi\AppData\Local\Microsoft\WindowsApps;
USERNAME=tropiK
OS=Windows_NT
PROCESSOR_IDENTIFIER=AMD64 Family 23 Model 24 Stepping 1, AuthenticAMD



---------------  S Y S T E M  ---------------

OS: Windows 10.0 , 64 bit Build 22621 (10.0.22621.1105)

CPU:total 8 (initial active 8) (8 cores per cpu, 1 threads per core) family 23 model 24 stepping 1, cmov, cx8, fxsr, mmx, sse, sse2, sse3, ssse3, sse4.1, sse4.2, popcnt, avx, avx2, aes, clmul, mmxext, 3dnowpref, lzcnt, sse4a, tsc, tscinvbit, tscinv, bmi1

Memory: 4k page, physical 16582596k(5603264k free), swap 16582596k(5512k free)

vm_info: OpenJDK 64-Bit Server VM (25.71-b00) for windows-amd64 JRE (1.8.0-adoptopenjdk-_2018_05_19_00_59-b00), built on May 19 2018 01:02:12 by "jenkins" with MS VC++ 10.0 (VS2010)

time: Sat Jan 28 21:32:11 2023
elapsed time: 2 seconds (0d 0h 0m 2s)

