#
# There is insufficient memory for the Java Runtime Environment to continue.
# Native memory allocation (malloc) failed to allocate 1048576 bytes for AllocateHeap
# Possible reasons:
#   The system is out of physical RAM or swap space
#   In 32 bit mode, the process size limit was hit
# Possible solutions:
#   Reduce memory load on the system
#   Increase physical memory or swap space
#   Check if swap backing store is full
#   Use 64 bit Java on a 64 bit OS
#   Decrease Java heap size (-Xmx/-Xms)
#   Decrease number of Java threads
#   Decrease Java thread stack sizes (-Xss)
#   Set larger code cache with -XX:ReservedCodeCacheSize=
# This output file may be truncated or incomplete.
#
#  Out of Memory Error (memory/allocation.inline.hpp:61), pid=20116, tid=0x0000000000003600
#
# JRE version:  (8.0) (build )
# Java VM: OpenJDK 64-Bit Server VM (25.71-b00 mixed mode windows-amd64 compressed oops)
# Failed to write core dump. Minidumps are not enabled by default on client versions of Windows
#

---------------  T H R E A D  ---------------

Current thread (0x0000000002452800):  JavaThread "Unknown thread" [_thread_in_vm, id=13824, stack(0x0000000002330000,0x0000000002430000)]

Stack: [0x0000000002330000,0x0000000002430000]
[error occurred during error reporting (printing stack bounds), id 0xc0000005]

Native frames: (J=compiled Java code, j=interpreted, Vv=VM code, C=native code)


---------------  P R O C E S S  ---------------

Java Threads: ( => current thread )

Other Threads:

=>0x0000000002452800 (exited) JavaThread "Unknown thread" [_thread_in_vm, id=13824, stack(0x0000000002330000,0x0000000002430000)]

VM state:not at safepoint (normal execution)

VM Mutex/Monitor currently owned by a thread: None

Heap:
 PSYoungGen      total 75776K, used 1300K [0x000000076ba00000, 0x0000000770e80000, 0x00000007c0000000)
  eden space 65024K, 2% used [0x000000076ba00000,0x000000076bb451f8,0x000000076f980000)
  from space 10752K, 0% used [0x0000000770400000,0x0000000770400000,0x0000000770e80000)
  to   space 10752K, 0% used [0x000000076f980000,0x000000076f980000,0x0000000770400000)
 ParOldGen       total 173568K, used 0K [0x00000006c2e00000, 0x00000006cd780000, 0x000000076ba00000)
  object space 173568K, 0% used [0x00000006c2e00000,0x00000006c2e00000,0x00000006cd780000)
 Metaspace       used 777K, capacity 4480K, committed 4480K, reserved 1056768K
  class space    used 74K, capacity 384K, committed 384K, reserved 1048576K

Card table byte_map: [0x0000000011910000,0x0000000012100000] byte_map_base: 0x000000000e2f9000

Marking Bits: (ParMarkBitMap*) 0x0000000051e8be50
 Begin Bits: [0x0000000012e50000, 0x0000000016d98000)
 End Bits:   [0x0000000016d98000, 0x000000001ace0000)

Polling page: 0x0000000000a60000

CodeCache: size=245760Kb used=327Kb max_used=327Kb free=245432Kb
 bounds [0x0000000002550000, 0x00000000027c0000, 0x0000000011550000]
 total_blobs=56 nmethods=0 adapters=38
 compilation: enabled

Compilation events (0 events):
No events

GC Heap History (0 events):
No events

Deoptimization events (0 events):
No events

Classes redefined (0 events):
No events

Internal exceptions (0 events):
No events

Events (10 events):
Event: 0.016 loading class java/lang/Short
Event: 0.016 loading class java/lang/Short done
Event: 0.016 loading class java/lang/Integer
Event: 0.016 loading class java/lang/Integer done
Event: 0.016 loading class java/lang/Long
Event: 0.016 loading class java/lang/Long done
Event: 0.017 loading class java/lang/NullPointerException
Event: 0.017 loading class java/lang/NullPointerException done
Event: 0.017 loading class java/lang/ArithmeticException
Event: 0.017 loading class java/lang/ArithmeticException done


Dynamic libraries:
0x00007ff794270000 - 0x00007ff7942a5000 	D:\Unity\2021.3.15f1\Editor\Data\PlaybackEngines\AndroidPlayer\OpenJDK\bin\java.exe
0x00007ffd3ce30000 - 0x00007ffd3d044000 	C:\WINDOWS\SYSTEM32\ntdll.dll
0x00007ffd3bf80000 - 0x00007ffd3c043000 	C:\WINDOWS\System32\KERNEL32.DLL
0x00007ffd3a760000 - 0x00007ffd3aafd000 	C:\WINDOWS\System32\KERNELBASE.dll
0x00007ffd3b650000 - 0x00007ffd3b6fe000 	C:\WINDOWS\System32\ADVAPI32.dll
0x00007ffd3b7e0000 - 0x00007ffd3b887000 	C:\WINDOWS\System32\msvcrt.dll
0x00007ffd3bd70000 - 0x00007ffd3be14000 	C:\WINDOWS\System32\sechost.dll
0x00007ffd3c330000 - 0x00007ffd3c445000 	C:\WINDOWS\System32\RPCRT4.dll
0x00007ffd3cc30000 - 0x00007ffd3cddd000 	C:\WINDOWS\System32\USER32.dll
0x00007ffd3a5c0000 - 0x00007ffd3a5e6000 	C:\WINDOWS\System32\win32u.dll
0x00007ffd3c250000 - 0x00007ffd3c279000 	C:\WINDOWS\System32\GDI32.dll
0x00007ffd3a3e0000 - 0x00007ffd3a4f2000 	C:\WINDOWS\System32\gdi32full.dll
0x00007ffd3ab80000 - 0x00007ffd3ac1a000 	C:\WINDOWS\System32\msvcp_win.dll
0x00007ffd3a250000 - 0x00007ffd3a361000 	C:\WINDOWS\System32\ucrtbase.dll
0x00007ffd2b380000 - 0x00007ffd2b60e000 	C:\WINDOWS\WinSxS\amd64_microsoft.windows.common-controls_6595b64144ccf1df_6.0.22621.608_none_a9444ca7c10bb01d\COMCTL32.dll
0x00007ffd3c050000 - 0x00007ffd3c082000 	C:\WINDOWS\System32\IMM32.DLL
0x0000000051f10000 - 0x0000000051fe2000 	D:\Unity\2021.3.15f1\Editor\Data\PlaybackEngines\AndroidPlayer\OpenJDK\jre\bin\msvcr100.dll
0x00000000516c0000 - 0x0000000051f09000 	D:\Unity\2021.3.15f1\Editor\Data\PlaybackEngines\AndroidPlayer\OpenJDK\jre\bin\server\jvm.dll
0x00007ffd3c5d0000 - 0x00007ffd3c5d8000 	C:\WINDOWS\System32\PSAPI.DLL
0x00007ffd26920000 - 0x00007ffd26929000 	C:\WINDOWS\SYSTEM32\WSOCK32.dll
0x00007ffd31ad0000 - 0x00007ffd31ada000 	C:\WINDOWS\SYSTEM32\VERSION.dll
0x00007ffd341b0000 - 0x00007ffd341e4000 	C:\WINDOWS\SYSTEM32\WINMM.dll
0x00007ffd3c550000 - 0x00007ffd3c5c1000 	C:\WINDOWS\System32\WS2_32.dll
0x00007ffd35ae0000 - 0x00007ffd35aef000 	D:\Unity\2021.3.15f1\Editor\Data\PlaybackEngines\AndroidPlayer\OpenJDK\jre\bin\verify.dll
0x00007ffd236f0000 - 0x00007ffd23719000 	D:\Unity\2021.3.15f1\Editor\Data\PlaybackEngines\AndroidPlayer\OpenJDK\jre\bin\java.dll
0x00007ffd236d0000 - 0x00007ffd236e6000 	D:\Unity\2021.3.15f1\Editor\Data\PlaybackEngines\AndroidPlayer\OpenJDK\jre\bin\zip.dll

VM Arguments:
jvm_args: -Dfile.encoding=UTF-8 
java_command: org.gradle.launcher.GradleMain -Dorg.gradle.jvmargs=-Xmx4096m --stop
java_class_path (initial): D:\Unity\2021.3.15f1\Editor\Data\PlaybackEngines\AndroidPlayer\Tools\gradle\lib\gradle-launcher-6.1.1.jar
Launcher Type: SUN_STANDARD

Environment Variables:
JAVA_HOME=D:\Unity\2021.3.15f1\Editor\Data\PlaybackEngines\AndroidPlayer\OpenJDK
JAVA_TOOL_OPTIONS=-Dfile.encoding=UTF-8
PATH=C:\WINDOWS\system32;C:\WINDOWS;C:\WINDOWS\System32\Wbem;C:\WINDOWS\System32\WindowsPowerShell\v1.0\;C:\WINDOWS\System32\OpenSSH\;C:\Program Files\Common Files\Autodesk Shared\;C:\Program Files\dotnet\;C:\Users\tropi\AppData\Local\Microsoft\WindowsApps;
USERNAME=tropiK
OS=Windows_NT
PROCESSOR_IDENTIFIER=AMD64 Family 23 Model 24 Stepping 1, AuthenticAMD



---------------  S Y S T E M  ---------------

OS: Windows 10.0 , 64 bit Build 22621 (10.0.22621.1105)

CPU:total 8 (initial active 8) (8 cores per cpu, 1 threads per core) family 23 model 24 stepping 1, cmov, cx8, fxsr, mmx, sse, sse2, sse3, ssse3, sse4.1, sse4.2, popcnt, avx, avx2, aes, clmul, mmxext, 3dnowpref, lzcnt, sse4a, tsc, tscinvbit, tscinv, bmi1

Memory: 4k page, physical 16582596k(5509684k free), swap 16582596k(5872k free)

vm_info: OpenJDK 64-Bit Server VM (25.71-b00) for windows-amd64 JRE (1.8.0-adoptopenjdk-_2018_05_19_00_59-b00), built on May 19 2018 01:02:12 by "jenkins" with MS VC++ 10.0 (VS2010)

time: Thu Feb 02 12:31:02 2023
elapsed time: 0 seconds (0d 0h 0m 0s)

